<?xml version="1.0" encoding="UTF-8"?>
<!-- Generated by org.testng.reporters.JUnitXMLReporter -->
<testsuite ignored="0" hostname="DESKTOP-0BA81CB" failures="1" tests="3" name="Test" time="42.298" errors="0" timestamp="2025-07-30T22:45:14 SGT">
  <testcase classname="Groups.Deletingaccount" name="eraseaccount" time="27.233"/>
  <testcase classname="Groups.login" name="LoginCorrectData" time="8.053"/>
  <testcase classname="Groups.login" name="loginincorrectdata" time="6.884">
    <failure type="java.lang.AssertionError" message="expected [driver.getTitle()] but found [category]">
      <![CDATA[java.lang.AssertionError: expected [driver.getTitle()] but found [category]
at Groups.login.loginincorrectdata(login.java:45)
at java.base/java.util.ArrayList.forEach(ArrayList.java:1596)
... Removed 31 stack frames]]>
    </failure>
  </testcase> <!-- loginincorrectdata -->
</testsuite> <!-- Test -->
